   SW   perc perc perc  query               position in query     matching    repeat           position in repeat
score   div. del. ins.  sequence            begin end    (left)   repeat      class/family   begin  end    (left)  ID

   21   10.5  0.0  0.0  contig-dpp-500-500     99   129 (32027) + (CA)n       Simple_repeat       1     31    (0)   1  
   39    3.1  5.6  4.1  contig-dpp-500-500    254   325 (31831) + (TGTTGC)n   Simple_repeat       1     73    (0)   2  
   13    9.1  0.0  4.0  contig-dpp-500-500    375   400 (31756) + (TGCC)n     Simple_repeat       1     25    (0)   3  
   26    0.0  0.0  6.2  contig-dpp-500-500    895   928 (31228) + (AATCG)n    Simple_repeat       1     32    (0)   4  
   14    9.5  8.8  0.0  contig-dpp-500-500   1237  1270 (30886) + (ACATAT)n   Simple_repeat       1     37    (0)   5  
   18   13.2  0.0  0.0  contig-dpp-500-500   1849  1881 (30275) + (TTGCT)n    Simple_repeat       1     33    (0)   6  
   16   20.5  0.0  0.0  contig-dpp-500-500   1916  1966 (30190) + (ATCTAA)n   Simple_repeat       1     51    (0)   7  
   24   16.1  4.5  3.0  contig-dpp-500-500   2163  2228 (29928) + (AGC)n      Simple_repeat       1     67    (0)   8  
   21   14.0  4.3  0.0  contig-dpp-500-500   2364  2370 (29786) + (TCCATC)n   Simple_repeat       1     17   (32)   9  
   13    8.1  0.0  7.1  contig-dpp-500-500   2371  2400 (29756) + (CCATC)n    Simple_repeat       1     28    (0)  10  
   21   14.0  4.3  0.0  contig-dpp-500-500   2401  2410 (29746) + (TCCATC)n   Simple_repeat      18     49    (0)   9  
   13   19.5  0.0  0.0  contig-dpp-500-500   3806  3836 (28320) + (ACACAT)n   Simple_repeat       1     31    (0)  11  
   19   13.0  2.9  0.0  contig-dpp-500-500   5170  5203 (26953) + (TA)n       Simple_repeat       1     35    (0)  12  
   32   32.9  0.0  1.7  contig-dpp-500-500   5788  5909 (26247) + (AAC)n      Simple_repeat       1    120    (0)  13  
   46    3.4  3.2  1.6  contig-dpp-500-500   8869  8930 (23226) + (TGGATT)n   Simple_repeat       1     63    (0)  14  
   19   14.1  0.0  2.5  contig-dpp-500-500   9344  9384 (22772) + (CTATTAG)n  Simple_repeat       1     40    (0)  15  
   16   16.4  0.0  0.0  contig-dpp-500-500  10349 10382 (21774) + (CTGCAA)n   Simple_repeat       1     34    (0)  16  
   43    2.3  0.0  0.0  contig-dpp-500-500  11350 11393 (20763) + (TCTTGG)n   Simple_repeat       1     44    (0)  17  
   13   16.8  0.0  5.7  contig-dpp-500-500  12489 12525 (19631) + (ATTT)n     Simple_repeat       1     35    (0)  18  
   17   15.3  0.0  2.7  contig-dpp-500-500  12653 12690 (19466) + (GGTTG)n    Simple_repeat       1     37    (0)  19  
   14   23.2  0.0  2.4  contig-dpp-500-500  14340 14381 (17775) + A-rich      Low_complexity      1     41    (0)  20  
   26    3.1  3.0  0.0  contig-dpp-500-500  14442 14474 (17682) + (CGAAAAC)n  Simple_repeat       1     34    (0)  21  
   27   17.0  0.0  3.3  contig-dpp-500-500  14663 14725 (17431) + (TGTATC)n   Simple_repeat       1     61    (0)  22  
   14   17.2  5.1  0.0  contig-dpp-500-500  15100 15138 (17018) + (AATTTA)n   Simple_repeat       1     41    (0)  23  
   27    6.0  0.0  0.0  contig-dpp-500-500  15371 15405 (16751) + (GCAACATT)n Simple_repeat       1     35    (0)  24  
   35    8.5  0.0  0.0  contig-dpp-500-500  15605 15654 (16502) + (AGCTGG)n   Simple_repeat       1     50    (0)  25  
   19   10.7 10.0  0.0  contig-dpp-500-500  16147 16196 (15960) + (CAGCCAGT)n Simple_repeat       1     55    (0)  26  
   17   13.3  0.0  0.0  contig-dpp-500-500  16254 16290 (15866) + (GGGATG)n   Simple_repeat       1     37    (0)  27  
   13    9.7  0.0  0.0  contig-dpp-500-500  16793 16814 (15342) + (CAG)n      Simple_repeat       1     22    (0)  28  
   13    5.3  0.0  0.0  contig-dpp-500-500  17414 17433 (14723) + (CTT)n      Simple_repeat       1     20    (0)  29  
   17   16.7  4.1  2.0  contig-dpp-500-500  19166 19214 (12942) + A-rich      Low_complexity      1     50    (0)  30  
   19   12.4  0.0  0.0  contig-dpp-500-500  19427 19461 (12695) + (GGATTC)n   Simple_repeat       1     35    (0)  31  
   15    4.7  4.5  0.0  contig-dpp-500-500  19763 19784 (12372) + (TG)n       Simple_repeat       1     23    (0)  32  
   13   26.8  0.0  0.0  contig-dpp-500-500  20644 20684 (11472) + (CACAAT)n   Simple_repeat       1     41    (0)  33  
   15   11.4  7.5  5.6  contig-dpp-500-500  20687 20739 (11417) + (ACAG)n     Simple_repeat       1     54    (0)  34  
   16   13.2  0.0  0.0  contig-dpp-500-500  22020 22044 (10112) + (AC)n       Simple_repeat       1     25    (0)  35  
   19   23.3  0.0  0.0  contig-dpp-500-500  23634 23683  (8473) + (ACAGAT)n   Simple_repeat       1     50    (0)  36  
   14   15.8  4.3  4.3  contig-dpp-500-500  23815 23860  (8296) + (CCAGAC)n   Simple_repeat       1     46    (0)  37  
   23   22.4  1.6  0.0  contig-dpp-500-500  24137 24198  (7958) + (CGAATC)n   Simple_repeat       1     63    (0)  38  
   36    6.8  0.0  0.0  contig-dpp-500-500  24273 24319  (7837) + (TACCAT)n   Simple_repeat       1     47    (0)  39  
   16   16.6  0.0  0.0  contig-dpp-500-500  25122 25148  (7008) + A-rich      Low_complexity      1     27    (0)  40  
   15   15.4  0.0  5.3  contig-dpp-500-500  25735 25774  (6382) + (ACTGAG)n   Simple_repeat       1     38    (0)  41  
   17    7.8  0.0  0.0  contig-dpp-500-500  26624 26650  (5506) + (TCTGG)n    Simple_repeat       1     27    (0)  42  
   23   22.9  3.0  0.0  contig-dpp-500-500  26701 26766  (5390) + (CGCTGC)n   Simple_repeat       1     68    (0)  43  
   17   24.1  4.8  0.0  contig-dpp-500-500  26985 27047  (5109) + (GAATCC)n   Simple_repeat       1     66    (0)  44  
   19   10.2  7.1  0.0  contig-dpp-500-500  27249 27290  (4866) + (ATCAGG)n   Simple_repeat       1     45    (0)  45  
   16   22.6  0.0  4.7  contig-dpp-500-500  31404 31448   (708) + (AC)n       Simple_repeat       1     43    (0)  46  
